Performing C SOURCE FILE Test CMAKE_HAVE_LIBC_PTHREAD failed with the following output:
Change Dir: /home/andrey/C++_ITMO/socow_vector/socow-vector-andreyDagger/cmake-build-Debug/CMakeFiles/CMakeScratch/TryCompile-H9sPNo

Run Build Command(s):/usr/bin/make -f Makefile cmTC_fa68e/fast && /usr/bin/make  -f CMakeFiles/cmTC_fa68e.dir/build.make CMakeFiles/cmTC_fa68e.dir/build
make[1]: Entering directory '/home/andrey/C++_ITMO/socow_vector/socow-vector-andreyDagger/cmake-build-Debug/CMakeFiles/CMakeScratch/TryCompile-H9sPNo'
Building C object CMakeFiles/cmTC_fa68e.dir/src.c.o
/usr/bin/cc -DCMAKE_HAVE_LIBC_PTHREAD  -fdiagnostics-color=always -o CMakeFiles/cmTC_fa68e.dir/src.c.o -c /home/andrey/C++_ITMO/socow_vector/socow-vector-andreyDagger/cmake-build-Debug/CMakeFiles/CMakeScratch/TryCompile-H9sPNo/src.c
Linking C executable cmTC_fa68e
/snap/clion/237/bin/cmake/linux/x64/bin/cmake -E cmake_link_script CMakeFiles/cmTC_fa68e.dir/link.txt --verbose=1
/usr/bin/cc CMakeFiles/cmTC_fa68e.dir/src.c.o -o cmTC_fa68e 
/usr/bin/ld: CMakeFiles/cmTC_fa68e.dir/src.c.o: in function `main':
src.c:(.text+0x46): undefined reference to `pthread_create'
/usr/bin/ld: src.c:(.text+0x52): undefined reference to `pthread_detach'
/usr/bin/ld: src.c:(.text+0x5e): undefined reference to `pthread_cancel'
/usr/bin/ld: src.c:(.text+0x6f): undefined reference to `pthread_join'
collect2: error: ld returned 1 exit status
make[1]: *** [CMakeFiles/cmTC_fa68e.dir/build.make:99: cmTC_fa68e] Error 1
make[1]: Leaving directory '/home/andrey/C++_ITMO/socow_vector/socow-vector-andreyDagger/cmake-build-Debug/CMakeFiles/CMakeScratch/TryCompile-H9sPNo'
make: *** [Makefile:127: cmTC_fa68e/fast] Error 2


Source file was:
#include <pthread.h>

static void* test_func(void* data)
{
  return data;
}

int main(void)
{
  pthread_t thread;
  pthread_create(&thread, NULL, test_func, NULL);
  pthread_detach(thread);
  pthread_cancel(thread);
  pthread_join(thread, NULL);
  pthread_atfork(NULL, NULL, NULL);
  pthread_exit(NULL);

  return 0;
}


Determining if the function pthread_create exists in the pthreads failed with the following output:
Change Dir: /home/andrey/C++_ITMO/socow_vector/socow-vector-andreyDagger/cmake-build-Debug/CMakeFiles/CMakeScratch/TryCompile-ShLiZm

Run Build Command(s):/usr/bin/make -f Makefile cmTC_36398/fast && /usr/bin/make  -f CMakeFiles/cmTC_36398.dir/build.make CMakeFiles/cmTC_36398.dir/build
make[1]: Entering directory '/home/andrey/C++_ITMO/socow_vector/socow-vector-andreyDagger/cmake-build-Debug/CMakeFiles/CMakeScratch/TryCompile-ShLiZm'
Building C object CMakeFiles/cmTC_36398.dir/CheckFunctionExists.c.o
/usr/bin/cc   -DCHECK_FUNCTION_EXISTS=pthread_create -fdiagnostics-color=always -o CMakeFiles/cmTC_36398.dir/CheckFunctionExists.c.o -c /home/andrey/C++_ITMO/socow_vector/socow-vector-andreyDagger/cmake-build-Debug/CMakeFiles/CMakeScratch/TryCompile-ShLiZm/CheckFunctionExists.c
Linking C executable cmTC_36398
/snap/clion/237/bin/cmake/linux/x64/bin/cmake -E cmake_link_script CMakeFiles/cmTC_36398.dir/link.txt --verbose=1
/usr/bin/cc  -DCHECK_FUNCTION_EXISTS=pthread_create CMakeFiles/cmTC_36398.dir/CheckFunctionExists.c.o -o cmTC_36398  -lpthreads 
/usr/bin/ld: cannot find -lpthreads
collect2: error: ld returned 1 exit status
make[1]: *** [CMakeFiles/cmTC_36398.dir/build.make:99: cmTC_36398] Error 1
make[1]: Leaving directory '/home/andrey/C++_ITMO/socow_vector/socow-vector-andreyDagger/cmake-build-Debug/CMakeFiles/CMakeScratch/TryCompile-ShLiZm'
make: *** [Makefile:127: cmTC_36398/fast] Error 2



